<?xml version="1.0" encoding="UTF-8"?>
<coverage generated="1692559377101" clover="3.2.0">
  <project timestamp="1692559377101" name="All files">
    <metrics statements="5" coveredstatements="5" conditionals="0" coveredconditionals="0" methods="3" coveredmethods="2" elements="8" coveredelements="7" complexity="0" loc="5" ncloc="5" packages="1" files="2" classes="2"/>
    <file name="Complete.tsx" path="/Users/michaeldelpape/Kromeon/react-native-demo/components/Complete.tsx">
      <metrics statements="4" coveredstatements="4" conditionals="0" coveredconditionals="0" methods="2" coveredmethods="2"/>
      <line num="6" count="1" type="stmt"/>
      <line num="8" count="1" type="stmt"/>
      <line num="11" count="2" type="stmt"/>
      <line num="19" count="1" type="stmt"/>
    </file>
    <file name="StatusContext.tsx" path="/Users/michaeldelpape/Kromeon/react-native-demo/components/StatusContext.tsx">
      <metrics statements="1" coveredstatements="1" conditionals="0" coveredconditionals="0" methods="1" coveredmethods="0"/>
      <line num="8" count="1" type="stmt"/>
    </file>
  </project>
</coverage>
