{"/Users/michaeldelpape/Kromeon/react-native-demo/components/Complete.tsx": {"path":"/Users/michaeldelpape/Kromeon/react-native-demo/components/Complete.tsx","statementMap":{"0":{"start":{"line":6,"column":32},"end":{"line":6,"column":57}},"1":{"start":{"line":8,"column":2},"end":{"line":16,"column":4}},"2":{"start":{"line":11,"column":8},"end":{"line":13,"column":15}},"3":{"start":{"line":19,"column":15},"end":{"line":32,"column":2}}},"fnMap":{"0":{"name":"Complete","decl":{"start":{"line":5,"column":24},"end":{"line":5,"column":32}},"loc":{"start":{"line":5,"column":35},"end":{"line":17,"column":1}},"line":5},"1":{"name":"(anonymous_1)","decl":{"start":{"line":10,"column":27},"end":{"line":10,"column":28}},"loc":{"start":{"line":11,"column":8},"end":{"line":13,"column":15}},"line":11}},"branchMap":{},"s":{"0":1,"1":1,"2":2,"3":1},"f":{"0":1,"1":2},"b":{},"_coverageSchema":"1a1c01bbd47fc00a2c39e90264f33305004495a9","hash":"74ec5b09921c98c2f4f50ee77ed86c71007dd34c"}
,"/Users/michaeldelpape/Kromeon/react-native-demo/components/StatusContext.tsx": {"path":"/Users/michaeldelpape/Kromeon/react-native-demo/components/StatusContext.tsx","statementMap":{"0":{"start":{"line":8,"column":29},"end":{"line":11,"column":2}}},"fnMap":{"0":{"name":"(anonymous_0)","decl":{"start":{"line":10,"column":13},"end":{"line":10,"column":14}},"loc":{"start":{"line":10,"column":19},"end":{"line":10,"column":21}},"line":10}},"branchMap":{},"s":{"0":1},"f":{"0":0},"b":{},"_coverageSchema":"1a1c01bbd47fc00a2c39e90264f33305004495a9","hash":"9dd585ca6964fb2defcf1083fde717bdd696d4c6"}
}
